Running: C:\Xilinx\14.7\ISE_DS\ISE\bin\nt64\unwrapped\fuse.exe -intstyle ise -incremental -lib secureip -o D:/Phase 2/Major Task Part 1/ALU/ALUTest_isim_beh.exe -prj D:/Phase 2/Major Task Part 1/ALU/ALUTest_beh.prj work.ALUTest 
ISim P.20131013 (signature 0x7708f090)
Number of CPUs detected in this system: 12
Turning on mult-threading, number of parallel sub-compilation jobs: 24 
Determining compilation order of HDL files
Parsing VHDL file "D:/Phase 2/Major Task Part 1/ALU/ALU.vhd" into library work
Parsing VHDL file "D:/Phase 2/Major Task Part 1/ALU/ALUTest.vhd" into library work
Starting static elaboration
Completed static elaboration
Compiling package standard
Compiling package std_logic_1164
Compiling package std_logic_arith
Compiling package std_logic_signed
Compiling architecture behavioral of entity ALU [alu_default]
Compiling architecture behavior of entity alutest
Time Resolution for simulation is 1ps.
Waiting for 1 sub-compilation(s) to finish...
Compiled 7 VHDL Units
Built simulation executable D:/Phase 2/Major Task Part 1/ALU/ALUTest_isim_beh.exe
Fuse Memory Usage: 34760 KB
Fuse CPU Usage: 530 ms
